{"t":{"$date":"2025-01-28T22:31:08.487+05:45"},"s":"I",  "c":"NETWORK",  "id":4915701, "ctx":"main","msg":"Initialized wire specification","attr":{"spec":{"incomingExternalClient":{"minWireVersion":0,"maxWireVersion":18},"incomingInternalClient":{"minWireVersion":0,"maxWireVersion":18},"outgoing":{"minWireVersion":6,"maxWireVersion":18},"isInternalClient":true}}}
{"t":{"$date":"2025-01-28T22:31:08.521+05:45"},"s":"I",  "c":"CONTROL",  "id":23285,   "ctx":"main","msg":"Automatically disabling TLS 1.0, to force-enable TLS 1.0 specify --sslDisabledProtocols 'none'"}
{"t":{"$date":"2025-01-28T22:31:08.523+05:45"},"s":"I",  "c":"NETWORK",  "id":4648601, "ctx":"main","msg":"Implicit TCP FastOpen unavailable. If TCP FastOpen is required, set tcpFastOpenServer, tcpFastOpenClient, and tcpFastOpenQueueSize."}
{"t":{"$date":"2025-01-28T22:31:08.537+05:45"},"s":"I",  "c":"REPL",     "id":5123008, "ctx":"main","msg":"Successfully registered PrimaryOnlyService","attr":{"service":"TenantMigrationDonorService","namespace":"config.tenantMigrationDonors"}}
{"t":{"$date":"2025-01-28T22:31:08.537+05:45"},"s":"I",  "c":"REPL",     "id":5123008, "ctx":"main","msg":"Successfully registered PrimaryOnlyService","attr":{"service":"TenantMigrationRecipientService","namespace":"config.tenantMigrationRecipients"}}
{"t":{"$date":"2025-01-28T22:31:08.537+05:45"},"s":"I",  "c":"REPL",     "id":5123008, "ctx":"main","msg":"Successfully registered PrimaryOnlyService","attr":{"service":"setChangeStreamStateCoordinatorService","namespace":"config.change_stream_coordinator"}}
{"t":{"$date":"2025-01-28T22:31:08.537+05:45"},"s":"I",  "c":"CONTROL",  "id":5945603, "ctx":"main","msg":"Multi threading initialized"}
{"t":{"$date":"2025-01-28T22:31:08.539+05:45"},"s":"I",  "c":"CONTROL",  "id":4615611, "ctx":"initandlisten","msg":"MongoDB starting","attr":{"pid":17074,"port":27017,"dbPath":"/data/data/com.termux/files/usr/var/lib/mongodb/db","architecture":"64-bit","host":"localhost"}}
{"t":{"$date":"2025-01-28T22:31:08.552+05:45"},"s":"I",  "c":"CONTROL",  "id":23403,   "ctx":"initandlisten","msg":"Build Info","attr":{"buildInfo":{"version":"6.1.0","gitVersion":"nogitversion","openSSLVersion":"OpenSSL 3.3.2 3 Sep 2024","modules":[],"allocator":"system","environment":{"distarch":"aarch64","target_arch":"aarch64"}}}}
{"t":{"$date":"2025-01-28T22:31:08.552+05:45"},"s":"I",  "c":"CONTROL",  "id":51765,   "ctx":"initandlisten","msg":"Operating System","attr":{"os":{"name":"unknown","version":"Kernel "}}}
{"t":{"$date":"2025-01-28T22:31:08.552+05:45"},"s":"I",  "c":"CONTROL",  "id":21951,   "ctx":"initandlisten","msg":"Options set by command line","attr":{"options":{}}}
{"t":{"$date":"2025-01-28T22:31:08.567+05:45"},"s":"E",  "c":"CONTROL",  "id":20568,   "ctx":"initandlisten","msg":"Error setting up listener","attr":{"error":{"code":9001,"codeName":"SocketException","errmsg":"Address already in use"}}}
{"t":{"$date":"2025-01-28T22:31:08.567+05:45"},"s":"I",  "c":"REPL",     "id":4784900, "ctx":"initandlisten","msg":"Stepping down the ReplicationCoordinator for shutdown","attr":{"waitTimeMillis":15000}}
{"t":{"$date":"2025-01-28T22:31:08.582+05:45"},"s":"I",  "c":"REPL",     "id":4794602, "ctx":"initandlisten","msg":"Attempting to enter quiesce mode"}
{"t":{"$date":"2025-01-28T22:31:08.582+05:45"},"s":"I",  "c":"-",        "id":6371601, "ctx":"initandlisten","msg":"Shutting down the FLE Crud thread pool"}
{"t":{"$date":"2025-01-28T22:31:08.582+05:45"},"s":"I",  "c":"COMMAND",  "id":4784901, "ctx":"initandlisten","msg":"Shutting down the MirrorMaestro"}
{"t":{"$date":"2025-01-28T22:31:08.582+05:45"},"s":"I",  "c":"SHARDING", "id":4784902, "ctx":"initandlisten","msg":"Shutting down the WaitForMajorityService"}
{"t":{"$date":"2025-01-28T22:31:08.582+05:45"},"s":"I",  "c":"NETWORK",  "id":4784905, "ctx":"initandlisten","msg":"Shutting down the global connection pool"}
{"t":{"$date":"2025-01-28T22:31:08.582+05:45"},"s":"I",  "c":"NETWORK",  "id":4784918, "ctx":"initandlisten","msg":"Shutting down the ReplicaSetMonitor"}
{"t":{"$date":"2025-01-28T22:31:08.582+05:45"},"s":"I",  "c":"SHARDING", "id":4784921, "ctx":"initandlisten","msg":"Shutting down the MigrationUtilExecutor"}
{"t":{"$date":"2025-01-28T22:31:08.616+05:45"},"s":"I",  "c":"ASIO",     "id":22582,   "ctx":"MigrationUtil-TaskExecutor","msg":"Killing all outstanding egress activity."}
{"t":{"$date":"2025-01-28T22:31:08.616+05:45"},"s":"I",  "c":"COMMAND",  "id":4784923, "ctx":"initandlisten","msg":"Shutting down the ServiceEntryPoint"}
{"t":{"$date":"2025-01-28T22:31:08.616+05:45"},"s":"I",  "c":"CONTROL",  "id":4784925, "ctx":"initandlisten","msg":"Shutting down free monitoring"}
{"t":{"$date":"2025-01-28T22:31:08.617+05:45"},"s":"I",  "c":"CONTROL",  "id":4784927, "ctx":"initandlisten","msg":"Shutting down the HealthLog"}
{"t":{"$date":"2025-01-28T22:31:08.617+05:45"},"s":"I",  "c":"CONTROL",  "id":4784928, "ctx":"initandlisten","msg":"Shutting down the TTL monitor"}
{"t":{"$date":"2025-01-28T22:31:08.617+05:45"},"s":"I",  "c":"CONTROL",  "id":6278511, "ctx":"initandlisten","msg":"Shutting down the Change Stream Expired Pre-images Remover"}
{"t":{"$date":"2025-01-28T22:31:08.617+05:45"},"s":"I",  "c":"CONTROL",  "id":4784929, "ctx":"initandlisten","msg":"Acquiring the global lock for shutdown"}
{"t":{"$date":"2025-01-28T22:31:08.617+05:45"},"s":"I",  "c":"-",        "id":4784931, "ctx":"initandlisten","msg":"Dropping the scope cache for shutdown"}
{"t":{"$date":"2025-01-28T22:31:08.617+05:45"},"s":"I",  "c":"CONTROL",  "id":20565,   "ctx":"initandlisten","msg":"Now exiting"}
{"t":{"$date":"2025-01-28T22:31:08.617+05:45"},"s":"I",  "c":"CONTROL",  "id":23138,   "ctx":"initandlisten","msg":"Shutting down","attr":{"exitCode":48}}
{"t":{"$date":"2025-01-29T09:33:38.648+05:45"},"s":"I",  "c":"CONTROL",  "id":23285,   "ctx":"main","msg":"Automatically disabling TLS 1.0, to force-enable TLS 1.0 specify --sslDisabledProtocols 'none'"}
{"t":{"$date":"2025-01-29T09:33:38.649+05:45"},"s":"I",  "c":"NETWORK",  "id":4915701, "ctx":"main","msg":"Initialized wire specification","attr":{"spec":{"incomingExternalClient":{"minWireVersion":0,"maxWireVersion":18},"incomingInternalClient":{"minWireVersion":0,"maxWireVersion":18},"outgoing":{"minWireVersion":6,"maxWireVersion":18},"isInternalClient":true}}}
{"t":{"$date":"2025-01-29T09:33:38.651+05:45"},"s":"I",  "c":"NETWORK",  "id":4648601, "ctx":"main","msg":"Implicit TCP FastOpen unavailable. If TCP FastOpen is required, set tcpFastOpenServer, tcpFastOpenClient, and tcpFastOpenQueueSize."}
{"t":{"$date":"2025-01-29T09:33:38.664+05:45"},"s":"I",  "c":"REPL",     "id":5123008, "ctx":"main","msg":"Successfully registered PrimaryOnlyService","attr":{"service":"TenantMigrationDonorService","namespace":"config.tenantMigrationDonors"}}
{"t":{"$date":"2025-01-29T09:33:38.664+05:45"},"s":"I",  "c":"REPL",     "id":5123008, "ctx":"main","msg":"Successfully registered PrimaryOnlyService","attr":{"service":"TenantMigrationRecipientService","namespace":"config.tenantMigrationRecipients"}}
{"t":{"$date":"2025-01-29T09:33:38.664+05:45"},"s":"I",  "c":"REPL",     "id":5123008, "ctx":"main","msg":"Successfully registered PrimaryOnlyService","attr":{"service":"setChangeStreamStateCoordinatorService","namespace":"config.change_stream_coordinator"}}
{"t":{"$date":"2025-01-29T09:33:38.664+05:45"},"s":"I",  "c":"CONTROL",  "id":5945603, "ctx":"main","msg":"Multi threading initialized"}
{"t":{"$date":"2025-01-29T09:33:38.684+05:45"},"s":"I",  "c":"CONTROL",  "id":4615611, "ctx":"initandlisten","msg":"MongoDB starting","attr":{"pid":6838,"port":27017,"dbPath":"/data/data/com.termux/files/usr/var/lib/mongodb/db","architecture":"64-bit","host":"localhost"}}
{"t":{"$date":"2025-01-29T09:33:38.694+05:45"},"s":"I",  "c":"CONTROL",  "id":23403,   "ctx":"initandlisten","msg":"Build Info","attr":{"buildInfo":{"version":"6.1.0","gitVersion":"nogitversion","openSSLVersion":"OpenSSL 3.3.2 3 Sep 2024","modules":[],"allocator":"system","environment":{"distarch":"aarch64","target_arch":"aarch64"}}}}
{"t":{"$date":"2025-01-29T09:33:38.694+05:45"},"s":"I",  "c":"CONTROL",  "id":51765,   "ctx":"initandlisten","msg":"Operating System","attr":{"os":{"name":"unknown","version":"Kernel "}}}
{"t":{"$date":"2025-01-29T09:33:38.694+05:45"},"s":"I",  "c":"CONTROL",  "id":21951,   "ctx":"initandlisten","msg":"Options set by command line","attr":{"options":{}}}
{"t":{"$date":"2025-01-29T09:33:38.696+05:45"},"s":"E",  "c":"CONTROL",  "id":20568,   "ctx":"initandlisten","msg":"Error setting up listener","attr":{"error":{"code":9001,"codeName":"SocketException","errmsg":"Address already in use"}}}
{"t":{"$date":"2025-01-29T09:33:38.696+05:45"},"s":"I",  "c":"REPL",     "id":4784900, "ctx":"initandlisten","msg":"Stepping down the ReplicationCoordinator for shutdown","attr":{"waitTimeMillis":15000}}
{"t":{"$date":"2025-01-29T09:33:38.714+05:45"},"s":"I",  "c":"REPL",     "id":4794602, "ctx":"initandlisten","msg":"Attempting to enter quiesce mode"}
{"t":{"$date":"2025-01-29T09:33:38.714+05:45"},"s":"I",  "c":"-",        "id":6371601, "ctx":"initandlisten","msg":"Shutting down the FLE Crud thread pool"}
{"t":{"$date":"2025-01-29T09:33:38.714+05:45"},"s":"I",  "c":"COMMAND",  "id":4784901, "ctx":"initandlisten","msg":"Shutting down the MirrorMaestro"}
{"t":{"$date":"2025-01-29T09:33:38.714+05:45"},"s":"I",  "c":"SHARDING", "id":4784902, "ctx":"initandlisten","msg":"Shutting down the WaitForMajorityService"}
{"t":{"$date":"2025-01-29T09:33:38.714+05:45"},"s":"I",  "c":"NETWORK",  "id":4784905, "ctx":"initandlisten","msg":"Shutting down the global connection pool"}
{"t":{"$date":"2025-01-29T09:33:38.714+05:45"},"s":"I",  "c":"NETWORK",  "id":4784918, "ctx":"initandlisten","msg":"Shutting down the ReplicaSetMonitor"}
{"t":{"$date":"2025-01-29T09:33:38.714+05:45"},"s":"I",  "c":"SHARDING", "id":4784921, "ctx":"initandlisten","msg":"Shutting down the MigrationUtilExecutor"}
{"t":{"$date":"2025-01-29T09:33:38.735+05:45"},"s":"I",  "c":"ASIO",     "id":22582,   "ctx":"MigrationUtil-TaskExecutor","msg":"Killing all outstanding egress activity."}
{"t":{"$date":"2025-01-29T09:33:38.736+05:45"},"s":"I",  "c":"COMMAND",  "id":4784923, "ctx":"initandlisten","msg":"Shutting down the ServiceEntryPoint"}
{"t":{"$date":"2025-01-29T09:33:38.736+05:45"},"s":"I",  "c":"CONTROL",  "id":4784925, "ctx":"initandlisten","msg":"Shutting down free monitoring"}
{"t":{"$date":"2025-01-29T09:33:38.736+05:45"},"s":"I",  "c":"CONTROL",  "id":4784927, "ctx":"initandlisten","msg":"Shutting down the HealthLog"}
{"t":{"$date":"2025-01-29T09:33:38.736+05:45"},"s":"I",  "c":"CONTROL",  "id":4784928, "ctx":"initandlisten","msg":"Shutting down the TTL monitor"}
{"t":{"$date":"2025-01-29T09:33:38.736+05:45"},"s":"I",  "c":"CONTROL",  "id":6278511, "ctx":"initandlisten","msg":"Shutting down the Change Stream Expired Pre-images Remover"}
{"t":{"$date":"2025-01-29T09:33:38.736+05:45"},"s":"I",  "c":"CONTROL",  "id":4784929, "ctx":"initandlisten","msg":"Acquiring the global lock for shutdown"}
{"t":{"$date":"2025-01-29T09:33:38.736+05:45"},"s":"I",  "c":"-",        "id":4784931, "ctx":"initandlisten","msg":"Dropping the scope cache for shutdown"}
{"t":{"$date":"2025-01-29T09:33:38.736+05:45"},"s":"I",  "c":"CONTROL",  "id":20565,   "ctx":"initandlisten","msg":"Now exiting"}
{"t":{"$date":"2025-01-29T09:33:38.737+05:45"},"s":"I",  "c":"CONTROL",  "id":23138,   "ctx":"initandlisten","msg":"Shutting down","attr":{"exitCode":48}}
{"t":{"$date":"2025-01-30T11:46:31.458+05:45"},"s":"I",  "c":"NETWORK",  "id":4915701, "ctx":"main","msg":"Initialized wire specification","attr":{"spec":{"incomingExternalClient":{"minWireVersion":0,"maxWireVersion":18},"incomingInternalClient":{"minWireVersion":0,"maxWireVersion":18},"outgoing":{"minWireVersion":6,"maxWireVersion":18},"isInternalClient":true}}}
{"t":{"$date":"2025-01-30T11:46:31.465+05:45"},"s":"I",  "c":"CONTROL",  "id":23285,   "ctx":"main","msg":"Automatically disabling TLS 1.0, to force-enable TLS 1.0 specify --sslDisabledProtocols 'none'"}
{"t":{"$date":"2025-01-30T11:46:31.467+05:45"},"s":"I",  "c":"NETWORK",  "id":4648601, "ctx":"main","msg":"Implicit TCP FastOpen unavailable. If TCP FastOpen is required, set tcpFastOpenServer, tcpFastOpenClient, and tcpFastOpenQueueSize."}
{"t":{"$date":"2025-01-30T11:46:31.478+05:45"},"s":"I",  "c":"REPL",     "id":5123008, "ctx":"main","msg":"Successfully registered PrimaryOnlyService","attr":{"service":"TenantMigrationDonorService","namespace":"config.tenantMigrationDonors"}}
{"t":{"$date":"2025-01-30T11:46:31.478+05:45"},"s":"I",  "c":"REPL",     "id":5123008, "ctx":"main","msg":"Successfully registered PrimaryOnlyService","attr":{"service":"TenantMigrationRecipientService","namespace":"config.tenantMigrationRecipients"}}
{"t":{"$date":"2025-01-30T11:46:31.478+05:45"},"s":"I",  "c":"REPL",     "id":5123008, "ctx":"main","msg":"Successfully registered PrimaryOnlyService","attr":{"service":"setChangeStreamStateCoordinatorService","namespace":"config.change_stream_coordinator"}}
{"t":{"$date":"2025-01-30T11:46:31.479+05:45"},"s":"I",  "c":"CONTROL",  "id":5945603, "ctx":"main","msg":"Multi threading initialized"}
{"t":{"$date":"2025-01-30T11:46:31.484+05:45"},"s":"I",  "c":"CONTROL",  "id":4615611, "ctx":"initandlisten","msg":"MongoDB starting","attr":{"pid":26150,"port":27017,"dbPath":"/data/data/com.termux/files/usr/var/lib/mongodb/db","architecture":"64-bit","host":"localhost"}}
{"t":{"$date":"2025-01-30T11:46:31.496+05:45"},"s":"I",  "c":"CONTROL",  "id":23403,   "ctx":"initandlisten","msg":"Build Info","attr":{"buildInfo":{"version":"6.1.0","gitVersion":"nogitversion","openSSLVersion":"OpenSSL 3.3.2 3 Sep 2024","modules":[],"allocator":"system","environment":{"distarch":"aarch64","target_arch":"aarch64"}}}}
{"t":{"$date":"2025-01-30T11:46:31.496+05:45"},"s":"I",  "c":"CONTROL",  "id":51765,   "ctx":"initandlisten","msg":"Operating System","attr":{"os":{"name":"unknown","version":"Kernel "}}}
{"t":{"$date":"2025-01-30T11:46:31.496+05:45"},"s":"I",  "c":"CONTROL",  "id":21951,   "ctx":"initandlisten","msg":"Options set by command line","attr":{"options":{}}}
{"t":{"$date":"2025-01-30T11:46:31.500+05:45"},"s":"E",  "c":"CONTROL",  "id":20568,   "ctx":"initandlisten","msg":"Error setting up listener","attr":{"error":{"code":9001,"codeName":"SocketException","errmsg":"Address already in use"}}}
{"t":{"$date":"2025-01-30T11:46:31.501+05:45"},"s":"I",  "c":"REPL",     "id":4784900, "ctx":"initandlisten","msg":"Stepping down the ReplicationCoordinator for shutdown","attr":{"waitTimeMillis":15000}}
{"t":{"$date":"2025-01-30T11:46:31.522+05:45"},"s":"I",  "c":"REPL",     "id":4794602, "ctx":"initandlisten","msg":"Attempting to enter quiesce mode"}
{"t":{"$date":"2025-01-30T11:46:31.522+05:45"},"s":"I",  "c":"-",        "id":6371601, "ctx":"initandlisten","msg":"Shutting down the FLE Crud thread pool"}
{"t":{"$date":"2025-01-30T11:46:31.522+05:45"},"s":"I",  "c":"COMMAND",  "id":4784901, "ctx":"initandlisten","msg":"Shutting down the MirrorMaestro"}
{"t":{"$date":"2025-01-30T11:46:31.522+05:45"},"s":"I",  "c":"SHARDING", "id":4784902, "ctx":"initandlisten","msg":"Shutting down the WaitForMajorityService"}
{"t":{"$date":"2025-01-30T11:46:31.522+05:45"},"s":"I",  "c":"NETWORK",  "id":4784905, "ctx":"initandlisten","msg":"Shutting down the global connection pool"}
{"t":{"$date":"2025-01-30T11:46:31.522+05:45"},"s":"I",  "c":"NETWORK",  "id":4784918, "ctx":"initandlisten","msg":"Shutting down the ReplicaSetMonitor"}
{"t":{"$date":"2025-01-30T11:46:31.522+05:45"},"s":"I",  "c":"SHARDING", "id":4784921, "ctx":"initandlisten","msg":"Shutting down the MigrationUtilExecutor"}
{"t":{"$date":"2025-01-30T11:46:31.546+05:45"},"s":"I",  "c":"ASIO",     "id":22582,   "ctx":"MigrationUtil-TaskExecutor","msg":"Killing all outstanding egress activity."}
{"t":{"$date":"2025-01-30T11:46:31.547+05:45"},"s":"I",  "c":"COMMAND",  "id":4784923, "ctx":"initandlisten","msg":"Shutting down the ServiceEntryPoint"}
{"t":{"$date":"2025-01-30T11:46:31.547+05:45"},"s":"I",  "c":"CONTROL",  "id":4784925, "ctx":"initandlisten","msg":"Shutting down free monitoring"}
{"t":{"$date":"2025-01-30T11:46:31.547+05:45"},"s":"I",  "c":"CONTROL",  "id":4784927, "ctx":"initandlisten","msg":"Shutting down the HealthLog"}
{"t":{"$date":"2025-01-30T11:46:31.547+05:45"},"s":"I",  "c":"CONTROL",  "id":4784928, "ctx":"initandlisten","msg":"Shutting down the TTL monitor"}
{"t":{"$date":"2025-01-30T11:46:31.547+05:45"},"s":"I",  "c":"CONTROL",  "id":6278511, "ctx":"initandlisten","msg":"Shutting down the Change Stream Expired Pre-images Remover"}
{"t":{"$date":"2025-01-30T11:46:31.547+05:45"},"s":"I",  "c":"CONTROL",  "id":4784929, "ctx":"initandlisten","msg":"Acquiring the global lock for shutdown"}
{"t":{"$date":"2025-01-30T11:46:31.547+05:45"},"s":"I",  "c":"-",        "id":4784931, "ctx":"initandlisten","msg":"Dropping the scope cache for shutdown"}
{"t":{"$date":"2025-01-30T11:46:31.549+05:45"},"s":"I",  "c":"CONTROL",  "id":20565,   "ctx":"initandlisten","msg":"Now exiting"}
{"t":{"$date":"2025-01-30T11:46:31.549+05:45"},"s":"I",  "c":"CONTROL",  "id":23138,   "ctx":"initandlisten","msg":"Shutting down","attr":{"exitCode":48}}
{"t":{"$date":"2025-02-02T12:36:02.387+05:45"},"s":"I",  "c":"NETWORK",  "id":4915701, "ctx":"main","msg":"Initialized wire specification","attr":{"spec":{"incomingExternalClient":{"minWireVersion":0,"maxWireVersion":18},"incomingInternalClient":{"minWireVersion":0,"maxWireVersion":18},"outgoing":{"minWireVersion":6,"maxWireVersion":18},"isInternalClient":true}}}
{"t":{"$date":"2025-02-02T12:36:02.417+05:45"},"s":"I",  "c":"CONTROL",  "id":23285,   "ctx":"main","msg":"Automatically disabling TLS 1.0, to force-enable TLS 1.0 specify --sslDisabledProtocols 'none'"}
{"t":{"$date":"2025-02-02T12:36:02.419+05:45"},"s":"I",  "c":"NETWORK",  "id":4648601, "ctx":"main","msg":"Implicit TCP FastOpen unavailable. If TCP FastOpen is required, set tcpFastOpenServer, tcpFastOpenClient, and tcpFastOpenQueueSize."}
{"t":{"$date":"2025-02-02T12:36:02.434+05:45"},"s":"I",  "c":"REPL",     "id":5123008, "ctx":"main","msg":"Successfully registered PrimaryOnlyService","attr":{"service":"TenantMigrationDonorService","namespace":"config.tenantMigrationDonors"}}
{"t":{"$date":"2025-02-02T12:36:02.434+05:45"},"s":"I",  "c":"REPL",     "id":5123008, "ctx":"main","msg":"Successfully registered PrimaryOnlyService","attr":{"service":"TenantMigrationRecipientService","namespace":"config.tenantMigrationRecipients"}}
{"t":{"$date":"2025-02-02T12:36:02.434+05:45"},"s":"I",  "c":"REPL",     "id":5123008, "ctx":"main","msg":"Successfully registered PrimaryOnlyService","attr":{"service":"setChangeStreamStateCoordinatorService","namespace":"config.change_stream_coordinator"}}
{"t":{"$date":"2025-02-02T12:36:02.435+05:45"},"s":"I",  "c":"CONTROL",  "id":5945603, "ctx":"main","msg":"Multi threading initialized"}
{"t":{"$date":"2025-02-02T12:36:02.440+05:45"},"s":"I",  "c":"CONTROL",  "id":4615611, "ctx":"initandlisten","msg":"MongoDB starting","attr":{"pid":22162,"port":27017,"dbPath":"/data/data/com.termux/files/usr/var/lib/mongodb/db","architecture":"64-bit","host":"localhost"}}
{"t":{"$date":"2025-02-02T12:36:02.454+05:45"},"s":"I",  "c":"CONTROL",  "id":23403,   "ctx":"initandlisten","msg":"Build Info","attr":{"buildInfo":{"version":"6.1.0","gitVersion":"nogitversion","openSSLVersion":"OpenSSL 3.3.2 3 Sep 2024","modules":[],"allocator":"system","environment":{"distarch":"aarch64","target_arch":"aarch64"}}}}
{"t":{"$date":"2025-02-02T12:36:02.454+05:45"},"s":"I",  "c":"CONTROL",  "id":51765,   "ctx":"initandlisten","msg":"Operating System","attr":{"os":{"name":"unknown","version":"Kernel "}}}
{"t":{"$date":"2025-02-02T12:36:02.454+05:45"},"s":"I",  "c":"CONTROL",  "id":21951,   "ctx":"initandlisten","msg":"Options set by command line","attr":{"options":{}}}
{"t":{"$date":"2025-02-02T12:36:02.461+05:45"},"s":"E",  "c":"CONTROL",  "id":20568,   "ctx":"initandlisten","msg":"Error setting up listener","attr":{"error":{"code":9001,"codeName":"SocketException","errmsg":"Address already in use"}}}
{"t":{"$date":"2025-02-02T12:36:02.462+05:45"},"s":"I",  "c":"REPL",     "id":4784900, "ctx":"initandlisten","msg":"Stepping down the ReplicationCoordinator for shutdown","attr":{"waitTimeMillis":15000}}
{"t":{"$date":"2025-02-02T12:36:02.479+05:45"},"s":"I",  "c":"REPL",     "id":4794602, "ctx":"initandlisten","msg":"Attempting to enter quiesce mode"}
{"t":{"$date":"2025-02-02T12:36:02.480+05:45"},"s":"I",  "c":"-",        "id":6371601, "ctx":"initandlisten","msg":"Shutting down the FLE Crud thread pool"}
{"t":{"$date":"2025-02-02T12:36:02.480+05:45"},"s":"I",  "c":"COMMAND",  "id":4784901, "ctx":"initandlisten","msg":"Shutting down the MirrorMaestro"}
{"t":{"$date":"2025-02-02T12:36:02.480+05:45"},"s":"I",  "c":"SHARDING", "id":4784902, "ctx":"initandlisten","msg":"Shutting down the WaitForMajorityService"}
{"t":{"$date":"2025-02-02T12:36:02.480+05:45"},"s":"I",  "c":"NETWORK",  "id":4784905, "ctx":"initandlisten","msg":"Shutting down the global connection pool"}
{"t":{"$date":"2025-02-02T12:36:02.480+05:45"},"s":"I",  "c":"NETWORK",  "id":4784918, "ctx":"initandlisten","msg":"Shutting down the ReplicaSetMonitor"}
{"t":{"$date":"2025-02-02T12:36:02.480+05:45"},"s":"I",  "c":"SHARDING", "id":4784921, "ctx":"initandlisten","msg":"Shutting down the MigrationUtilExecutor"}
{"t":{"$date":"2025-02-02T12:36:02.482+05:45"},"s":"I",  "c":"ASIO",     "id":22582,   "ctx":"MigrationUtil-TaskExecutor","msg":"Killing all outstanding egress activity."}
{"t":{"$date":"2025-02-02T12:36:02.483+05:45"},"s":"I",  "c":"COMMAND",  "id":4784923, "ctx":"initandlisten","msg":"Shutting down the ServiceEntryPoint"}
{"t":{"$date":"2025-02-02T12:36:02.483+05:45"},"s":"I",  "c":"CONTROL",  "id":4784925, "ctx":"initandlisten","msg":"Shutting down free monitoring"}
{"t":{"$date":"2025-02-02T12:36:02.483+05:45"},"s":"I",  "c":"CONTROL",  "id":4784927, "ctx":"initandlisten","msg":"Shutting down the HealthLog"}
{"t":{"$date":"2025-02-02T12:36:02.483+05:45"},"s":"I",  "c":"CONTROL",  "id":4784928, "ctx":"initandlisten","msg":"Shutting down the TTL monitor"}
{"t":{"$date":"2025-02-02T12:36:02.483+05:45"},"s":"I",  "c":"CONTROL",  "id":6278511, "ctx":"initandlisten","msg":"Shutting down the Change Stream Expired Pre-images Remover"}
{"t":{"$date":"2025-02-02T12:36:02.483+05:45"},"s":"I",  "c":"CONTROL",  "id":4784929, "ctx":"initandlisten","msg":"Acquiring the global lock for shutdown"}
{"t":{"$date":"2025-02-02T12:36:02.483+05:45"},"s":"I",  "c":"-",        "id":4784931, "ctx":"initandlisten","msg":"Dropping the scope cache for shutdown"}
{"t":{"$date":"2025-02-02T12:36:02.483+05:45"},"s":"I",  "c":"CONTROL",  "id":20565,   "ctx":"initandlisten","msg":"Now exiting"}
{"t":{"$date":"2025-02-02T12:36:02.484+05:45"},"s":"I",  "c":"CONTROL",  "id":23138,   "ctx":"initandlisten","msg":"Shutting down","attr":{"exitCode":48}}
{"t":{"$date":"2025-02-04T10:19:50.661+05:45"},"s":"I",  "c":"CONTROL",  "id":23285,   "ctx":"main","msg":"Automatically disabling TLS 1.0, to force-enable TLS 1.0 specify --sslDisabledProtocols 'none'"}
{"t":{"$date":"2025-02-04T10:19:50.663+05:45"},"s":"I",  "c":"NETWORK",  "id":4915701, "ctx":"main","msg":"Initialized wire specification","attr":{"spec":{"incomingExternalClient":{"minWireVersion":0,"maxWireVersion":18},"incomingInternalClient":{"minWireVersion":0,"maxWireVersion":18},"outgoing":{"minWireVersion":6,"maxWireVersion":18},"isInternalClient":true}}}
{"t":{"$date":"2025-02-04T10:19:50.669+05:45"},"s":"I",  "c":"NETWORK",  "id":4648601, "ctx":"main","msg":"Implicit TCP FastOpen unavailable. If TCP FastOpen is required, set tcpFastOpenServer, tcpFastOpenClient, and tcpFastOpenQueueSize."}
{"t":{"$date":"2025-02-04T10:19:50.673+05:45"},"s":"I",  "c":"REPL",     "id":5123008, "ctx":"main","msg":"Successfully registered PrimaryOnlyService","attr":{"service":"TenantMigrationDonorService","namespace":"config.tenantMigrationDonors"}}
{"t":{"$date":"2025-02-04T10:19:50.673+05:45"},"s":"I",  "c":"REPL",     "id":5123008, "ctx":"main","msg":"Successfully registered PrimaryOnlyService","attr":{"service":"TenantMigrationRecipientService","namespace":"config.tenantMigrationRecipients"}}
{"t":{"$date":"2025-02-04T10:19:50.673+05:45"},"s":"I",  "c":"REPL",     "id":5123008, "ctx":"main","msg":"Successfully registered PrimaryOnlyService","attr":{"service":"setChangeStreamStateCoordinatorService","namespace":"config.change_stream_coordinator"}}
{"t":{"$date":"2025-02-04T10:19:50.673+05:45"},"s":"I",  "c":"CONTROL",  "id":5945603, "ctx":"main","msg":"Multi threading initialized"}
{"t":{"$date":"2025-02-04T10:19:50.674+05:45"},"s":"I",  "c":"CONTROL",  "id":4615611, "ctx":"initandlisten","msg":"MongoDB starting","attr":{"pid":9506,"port":27017,"dbPath":"/data/data/com.termux/files/usr/var/lib/mongodb/db","architecture":"64-bit","host":"localhost"}}
{"t":{"$date":"2025-02-04T10:19:50.676+05:45"},"s":"I",  "c":"CONTROL",  "id":23403,   "ctx":"initandlisten","msg":"Build Info","attr":{"buildInfo":{"version":"6.1.0","gitVersion":"nogitversion","openSSLVersion":"OpenSSL 3.3.2 3 Sep 2024","modules":[],"allocator":"system","environment":{"distarch":"aarch64","target_arch":"aarch64"}}}}
{"t":{"$date":"2025-02-04T10:19:50.676+05:45"},"s":"I",  "c":"CONTROL",  "id":51765,   "ctx":"initandlisten","msg":"Operating System","attr":{"os":{"name":"unknown","version":"Kernel "}}}
{"t":{"$date":"2025-02-04T10:19:50.676+05:45"},"s":"I",  "c":"CONTROL",  "id":21951,   "ctx":"initandlisten","msg":"Options set by command line","attr":{"options":{}}}
{"t":{"$date":"2025-02-04T10:19:50.678+05:45"},"s":"E",  "c":"CONTROL",  "id":20568,   "ctx":"initandlisten","msg":"Error setting up listener","attr":{"error":{"code":9001,"codeName":"SocketException","errmsg":"Address already in use"}}}
{"t":{"$date":"2025-02-04T10:19:50.678+05:45"},"s":"I",  "c":"REPL",     "id":4784900, "ctx":"initandlisten","msg":"Stepping down the ReplicationCoordinator for shutdown","attr":{"waitTimeMillis":15000}}
{"t":{"$date":"2025-02-04T10:19:50.694+05:45"},"s":"I",  "c":"REPL",     "id":4794602, "ctx":"initandlisten","msg":"Attempting to enter quiesce mode"}
{"t":{"$date":"2025-02-04T10:19:50.694+05:45"},"s":"I",  "c":"-",        "id":6371601, "ctx":"initandlisten","msg":"Shutting down the FLE Crud thread pool"}
{"t":{"$date":"2025-02-04T10:19:50.694+05:45"},"s":"I",  "c":"COMMAND",  "id":4784901, "ctx":"initandlisten","msg":"Shutting down the MirrorMaestro"}
{"t":{"$date":"2025-02-04T10:19:50.694+05:45"},"s":"I",  "c":"SHARDING", "id":4784902, "ctx":"initandlisten","msg":"Shutting down the WaitForMajorityService"}
{"t":{"$date":"2025-02-04T10:19:50.694+05:45"},"s":"I",  "c":"NETWORK",  "id":4784905, "ctx":"initandlisten","msg":"Shutting down the global connection pool"}
{"t":{"$date":"2025-02-04T10:19:50.694+05:45"},"s":"I",  "c":"NETWORK",  "id":4784918, "ctx":"initandlisten","msg":"Shutting down the ReplicaSetMonitor"}
{"t":{"$date":"2025-02-04T10:19:50.694+05:45"},"s":"I",  "c":"SHARDING", "id":4784921, "ctx":"initandlisten","msg":"Shutting down the MigrationUtilExecutor"}
{"t":{"$date":"2025-02-04T10:19:50.695+05:45"},"s":"I",  "c":"ASIO",     "id":22582,   "ctx":"MigrationUtil-TaskExecutor","msg":"Killing all outstanding egress activity."}
{"t":{"$date":"2025-02-04T10:19:50.696+05:45"},"s":"I",  "c":"COMMAND",  "id":4784923, "ctx":"initandlisten","msg":"Shutting down the ServiceEntryPoint"}
{"t":{"$date":"2025-02-04T10:19:50.696+05:45"},"s":"I",  "c":"CONTROL",  "id":4784925, "ctx":"initandlisten","msg":"Shutting down free monitoring"}
{"t":{"$date":"2025-02-04T10:19:50.696+05:45"},"s":"I",  "c":"CONTROL",  "id":4784927, "ctx":"initandlisten","msg":"Shutting down the HealthLog"}
{"t":{"$date":"2025-02-04T10:19:50.696+05:45"},"s":"I",  "c":"CONTROL",  "id":4784928, "ctx":"initandlisten","msg":"Shutting down the TTL monitor"}
{"t":{"$date":"2025-02-04T10:19:50.696+05:45"},"s":"I",  "c":"CONTROL",  "id":6278511, "ctx":"initandlisten","msg":"Shutting down the Change Stream Expired Pre-images Remover"}
{"t":{"$date":"2025-02-04T10:19:50.696+05:45"},"s":"I",  "c":"CONTROL",  "id":4784929, "ctx":"initandlisten","msg":"Acquiring the global lock for shutdown"}
{"t":{"$date":"2025-02-04T10:19:50.696+05:45"},"s":"I",  "c":"-",        "id":4784931, "ctx":"initandlisten","msg":"Dropping the scope cache for shutdown"}
{"t":{"$date":"2025-02-04T10:19:50.696+05:45"},"s":"I",  "c":"CONTROL",  "id":20565,   "ctx":"initandlisten","msg":"Now exiting"}
{"t":{"$date":"2025-02-04T10:19:50.697+05:45"},"s":"I",  "c":"CONTROL",  "id":23138,   "ctx":"initandlisten","msg":"Shutting down","attr":{"exitCode":48}}
{"t":{"$date":"2025-02-04T15:18:24.675+05:45"},"s":"I",  "c":"NETWORK",  "id":4915701, "ctx":"main","msg":"Initialized wire specification","attr":{"spec":{"incomingExternalClient":{"minWireVersion":0,"maxWireVersion":18},"incomingInternalClient":{"minWireVersion":0,"maxWireVersion":18},"outgoing":{"minWireVersion":6,"maxWireVersion":18},"isInternalClient":true}}}
{"t":{"$date":"2025-02-04T15:18:24.677+05:45"},"s":"I",  "c":"CONTROL",  "id":23285,   "ctx":"main","msg":"Automatically disabling TLS 1.0, to force-enable TLS 1.0 specify --sslDisabledProtocols 'none'"}
{"t":{"$date":"2025-02-04T15:18:24.683+05:45"},"s":"I",  "c":"NETWORK",  "id":4648601, "ctx":"main","msg":"Implicit TCP FastOpen unavailable. If TCP FastOpen is required, set tcpFastOpenServer, tcpFastOpenClient, and tcpFastOpenQueueSize."}
{"t":{"$date":"2025-02-04T15:18:24.695+05:45"},"s":"I",  "c":"REPL",     "id":5123008, "ctx":"main","msg":"Successfully registered PrimaryOnlyService","attr":{"service":"TenantMigrationDonorService","namespace":"config.tenantMigrationDonors"}}
{"t":{"$date":"2025-02-04T15:18:24.696+05:45"},"s":"I",  "c":"REPL",     "id":5123008, "ctx":"main","msg":"Successfully registered PrimaryOnlyService","attr":{"service":"TenantMigrationRecipientService","namespace":"config.tenantMigrationRecipients"}}
{"t":{"$date":"2025-02-04T15:18:24.696+05:45"},"s":"I",  "c":"REPL",     "id":5123008, "ctx":"main","msg":"Successfully registered PrimaryOnlyService","attr":{"service":"setChangeStreamStateCoordinatorService","namespace":"config.change_stream_coordinator"}}
{"t":{"$date":"2025-02-04T15:18:24.696+05:45"},"s":"I",  "c":"CONTROL",  "id":5945603, "ctx":"main","msg":"Multi threading initialized"}
{"t":{"$date":"2025-02-04T15:18:24.701+05:45"},"s":"I",  "c":"CONTROL",  "id":4615611, "ctx":"initandlisten","msg":"MongoDB starting","attr":{"pid":6659,"port":27017,"dbPath":"/data/data/com.termux/files/usr/var/lib/mongodb/db","architecture":"64-bit","host":"localhost"}}
{"t":{"$date":"2025-02-04T15:18:24.714+05:45"},"s":"I",  "c":"CONTROL",  "id":23403,   "ctx":"initandlisten","msg":"Build Info","attr":{"buildInfo":{"version":"6.1.0","gitVersion":"nogitversion","openSSLVersion":"OpenSSL 3.3.2 3 Sep 2024","modules":[],"allocator":"system","environment":{"distarch":"aarch64","target_arch":"aarch64"}}}}
{"t":{"$date":"2025-02-04T15:18:24.714+05:45"},"s":"I",  "c":"CONTROL",  "id":51765,   "ctx":"initandlisten","msg":"Operating System","attr":{"os":{"name":"unknown","version":"Kernel "}}}
{"t":{"$date":"2025-02-04T15:18:24.714+05:45"},"s":"I",  "c":"CONTROL",  "id":21951,   "ctx":"initandlisten","msg":"Options set by command line","attr":{"options":{}}}
{"t":{"$date":"2025-02-04T15:18:24.725+05:45"},"s":"E",  "c":"CONTROL",  "id":20568,   "ctx":"initandlisten","msg":"Error setting up listener","attr":{"error":{"code":9001,"codeName":"SocketException","errmsg":"Address already in use"}}}
{"t":{"$date":"2025-02-04T15:18:24.725+05:45"},"s":"I",  "c":"REPL",     "id":4784900, "ctx":"initandlisten","msg":"Stepping down the ReplicationCoordinator for shutdown","attr":{"waitTimeMillis":15000}}
{"t":{"$date":"2025-02-04T15:18:24.744+05:45"},"s":"I",  "c":"REPL",     "id":4794602, "ctx":"initandlisten","msg":"Attempting to enter quiesce mode"}
{"t":{"$date":"2025-02-04T15:18:24.744+05:45"},"s":"I",  "c":"-",        "id":6371601, "ctx":"initandlisten","msg":"Shutting down the FLE Crud thread pool"}
{"t":{"$date":"2025-02-04T15:18:24.745+05:45"},"s":"I",  "c":"COMMAND",  "id":4784901, "ctx":"initandlisten","msg":"Shutting down the MirrorMaestro"}
{"t":{"$date":"2025-02-04T15:18:24.745+05:45"},"s":"I",  "c":"SHARDING", "id":4784902, "ctx":"initandlisten","msg":"Shutting down the WaitForMajorityService"}
{"t":{"$date":"2025-02-04T15:18:24.745+05:45"},"s":"I",  "c":"NETWORK",  "id":4784905, "ctx":"initandlisten","msg":"Shutting down the global connection pool"}
{"t":{"$date":"2025-02-04T15:18:24.746+05:45"},"s":"I",  "c":"NETWORK",  "id":4784918, "ctx":"initandlisten","msg":"Shutting down the ReplicaSetMonitor"}
{"t":{"$date":"2025-02-04T15:18:24.746+05:45"},"s":"I",  "c":"SHARDING", "id":4784921, "ctx":"initandlisten","msg":"Shutting down the MigrationUtilExecutor"}
{"t":{"$date":"2025-02-04T15:18:24.748+05:45"},"s":"I",  "c":"ASIO",     "id":22582,   "ctx":"MigrationUtil-TaskExecutor","msg":"Killing all outstanding egress activity."}
{"t":{"$date":"2025-02-04T15:18:24.749+05:45"},"s":"I",  "c":"COMMAND",  "id":4784923, "ctx":"initandlisten","msg":"Shutting down the ServiceEntryPoint"}
{"t":{"$date":"2025-02-04T15:18:24.749+05:45"},"s":"I",  "c":"CONTROL",  "id":4784925, "ctx":"initandlisten","msg":"Shutting down free monitoring"}
{"t":{"$date":"2025-02-04T15:18:24.749+05:45"},"s":"I",  "c":"CONTROL",  "id":4784927, "ctx":"initandlisten","msg":"Shutting down the HealthLog"}
{"t":{"$date":"2025-02-04T15:18:24.749+05:45"},"s":"I",  "c":"CONTROL",  "id":4784928, "ctx":"initandlisten","msg":"Shutting down the TTL monitor"}
{"t":{"$date":"2025-02-04T15:18:24.749+05:45"},"s":"I",  "c":"CONTROL",  "id":6278511, "ctx":"initandlisten","msg":"Shutting down the Change Stream Expired Pre-images Remover"}
{"t":{"$date":"2025-02-04T15:18:24.749+05:45"},"s":"I",  "c":"CONTROL",  "id":4784929, "ctx":"initandlisten","msg":"Acquiring the global lock for shutdown"}
{"t":{"$date":"2025-02-04T15:18:24.750+05:45"},"s":"I",  "c":"-",        "id":4784931, "ctx":"initandlisten","msg":"Dropping the scope cache for shutdown"}
{"t":{"$date":"2025-02-04T15:18:24.750+05:45"},"s":"I",  "c":"CONTROL",  "id":20565,   "ctx":"initandlisten","msg":"Now exiting"}
{"t":{"$date":"2025-02-04T15:18:24.750+05:45"},"s":"I",  "c":"CONTROL",  "id":23138,   "ctx":"initandlisten","msg":"Shutting down","attr":{"exitCode":48}}
